2017/03/09 15:41:57 connection.go:122: [0x1] [INFO] [zeppelinecore] 10.206.214.138:9221
2017/03/09 15:41:57 connection.go:190: [0x2] [INFO] [zeppelinecore] recv 1
2017/03/09 15:41:57 connection.go:190: [0x3] [INFO] [zeppelinecore] recv 2
2017/03/09 15:41:57 monitor.go:12: [0x4] [INFO] [zeppelinecore] type:LISTNODE code:OK msg:"ListNode OK!" list_node:<nodes:<nodes:<node:<ip:"10.206.214.139" port:13221 > status:0 > nodes:<node:<ip:"10.206.214.138" port:13221 > status:0 > nodes:<node:<ip:"10.206.214.137" port:13221 > status:0 > > > 
2017/03/09 15:41:57 connection.go:240: [0x5] [INFO] [zeppelinecore] this recieve worker done 2
2017/03/09 15:41:57 connection.go:122: [0x6] [INFO] [zeppelinecore] 10.206.214.138:9221
2017/03/09 15:41:57 zepcmd.go:96: [0x7] [INFO] [zeppelinecore] listmeta
2017/03/09 15:41:57 connection.go:190: [0x8] [INFO] [zeppelinecore] recv 1
2017/03/09 15:41:57 connection.go:190: [0x9] [INFO] [zeppelinecore] recv 2
2017/03/09 15:41:57 connection.go:240: [0xa] [INFO] [zeppelinecore] this recieve worker done 2
2017/03/09 15:41:57 connection.go:122: [0xb] [INFO] [zeppelinecore] 10.206.214.138:9221
2017/03/09 15:41:57 connection.go:190: [0xc] [INFO] [zeppelinecore] recv 1
2017/03/09 15:41:58 connection.go:190: [0xd] [INFO] [zeppelinecore] recv 2
2017/03/09 15:41:58 connection.go:190: [0xe] [INFO] [zeppelinecore] recv 3
2017/03/09 15:41:58 connection.go:190: [0xf] [INFO] [zeppelinecore] recv 4
2017/03/09 15:41:58 connection.go:190: [0x10] [INFO] [zeppelinecore] recv 5
2017/03/09 15:41:58 connection.go:190: [0x11] [INFO] [zeppelinecore] recv 6
2017/03/09 15:41:58 connection.go:190: [0x12] [INFO] [zeppelinecore] recv 7
2017/03/09 15:41:58 connection.go:190: [0x13] [INFO] [zeppelinecore] recv 8
2017/03/09 15:41:58 connection.go:190: [0x14] [INFO] [zeppelinecore] recv 9
2017/03/09 15:41:58 connection.go:190: [0x15] [INFO] [zeppelinecore] recv 10
2017/03/09 15:41:58 connection.go:190: [0x16] [INFO] [zeppelinecore] recv 11
2017/03/09 15:41:58 connection.go:190: [0x17] [INFO] [zeppelinecore] recv 12
2017/03/09 15:41:58 connection.go:190: [0x18] [INFO] [zeppelinecore] recv 13
2017/03/09 15:41:58 connection.go:190: [0x19] [INFO] [zeppelinecore] recv 14
2017/03/09 15:41:58 connection.go:190: [0x1a] [INFO] [zeppelinecore] recv 15
2017/03/09 15:41:58 connection.go:190: [0x1b] [INFO] [zeppelinecore] recv 16
2017/03/09 15:41:58 connection.go:190: [0x1c] [INFO] [zeppelinecore] recv 17
2017/03/09 15:41:58 connection.go:190: [0x1d] [INFO] [zeppelinecore] recv 18
2017/03/09 15:41:58 connection.go:190: [0x1e] [INFO] [zeppelinecore] recv 19
2017/03/09 15:41:58 connection.go:190: [0x1f] [INFO] [zeppelinecore] recv 20
2017/03/09 15:41:58 connection.go:190: [0x20] [INFO] [zeppelinecore] recv 21
2017/03/09 15:41:58 connection.go:190: [0x21] [INFO] [zeppelinecore] recv 22
2017/03/09 15:41:58 connection.go:190: [0x22] [INFO] [zeppelinecore] recv 23
2017/03/09 15:41:58 connection.go:190: [0x23] [INFO] [zeppelinecore] recv 24
2017/03/09 15:41:58 connection.go:190: [0x24] [INFO] [zeppelinecore] recv 25
2017/03/09 15:41:58 connection.go:190: [0x25] [INFO] [zeppelinecore] recv 26
2017/03/09 15:41:58 connection.go:190: [0x26] [INFO] [zeppelinecore] recv 27
2017/03/09 15:41:58 connection.go:190: [0x27] [INFO] [zeppelinecore] recv 28
2017/03/09 15:41:58 connection.go:190: [0x28] [INFO] [zeppelinecore] recv 29
2017/03/09 15:41:58 connection.go:190: [0x29] [INFO] [zeppelinecore] recv 30
2017/03/09 15:41:58 connection.go:190: [0x2a] [INFO] [zeppelinecore] recv 31
2017/03/09 15:41:58 connection.go:190: [0x2b] [INFO] [zeppelinecore] recv 32
2017/03/09 15:41:58 connection.go:190: [0x2c] [INFO] [zeppelinecore] recv 33
2017/03/09 15:41:58 connection.go:190: [0x2d] [INFO] [zeppelinecore] recv 34
2017/03/09 15:41:58 connection.go:190: [0x2e] [INFO] [zeppelinecore] recv 35
2017/03/09 15:41:58 connection.go:190: [0x2f] [INFO] [zeppelinecore] recv 36
2017/03/09 15:41:58 connection.go:190: [0x30] [INFO] [zeppelinecore] recv 37
2017/03/09 15:41:58 connection.go:190: [0x31] [INFO] [zeppelinecore] recv 38
2017/03/09 15:41:59 connection.go:190: [0x32] [INFO] [zeppelinecore] recv 39
2017/03/09 15:41:59 connection.go:190: [0x33] [INFO] [zeppelinecore] recv 40
2017/03/09 15:41:59 connection.go:190: [0x34] [INFO] [zeppelinecore] recv 41
2017/03/09 15:41:59 connection.go:190: [0x35] [INFO] [zeppelinecore] recv 42
2017/03/09 15:41:59 connection.go:190: [0x36] [INFO] [zeppelinecore] recv 43
2017/03/09 15:41:59 connection.go:190: [0x37] [INFO] [zeppelinecore] recv 44
2017/03/09 15:41:59 connection.go:190: [0x38] [INFO] [zeppelinecore] recv 45
2017/03/09 15:41:59 connection.go:190: [0x39] [INFO] [zeppelinecore] recv 46
2017/03/09 15:41:59 connection.go:190: [0x3a] [INFO] [zeppelinecore] recv 47
2017/03/09 15:41:59 connection.go:190: [0x3b] [INFO] [zeppelinecore] recv 48
2017/03/09 15:41:59 connection.go:190: [0x3c] [INFO] [zeppelinecore] recv 49
2017/03/09 15:41:59 connection.go:190: [0x3d] [INFO] [zeppelinecore] recv 50
2017/03/09 15:41:59 connection.go:190: [0x3e] [INFO] [zeppelinecore] recv 51
2017/03/09 15:41:59 connection.go:190: [0x3f] [INFO] [zeppelinecore] recv 52
2017/03/09 15:41:59 connection.go:190: [0x40] [INFO] [zeppelinecore] recv 53
2017/03/09 15:41:59 connection.go:190: [0x41] [INFO] [zeppelinecore] recv 54
2017/03/09 15:41:59 connection.go:190: [0x42] [INFO] [zeppelinecore] recv 55
2017/03/09 15:41:59 connection.go:190: [0x43] [INFO] [zeppelinecore] recv 56
2017/03/09 15:41:59 connection.go:190: [0x44] [INFO] [zeppelinecore] recv 57
2017/03/09 15:41:59 connection.go:190: [0x45] [INFO] [zeppelinecore] recv 58
2017/03/09 15:41:59 connection.go:190: [0x46] [INFO] [zeppelinecore] recv 59
2017/03/09 15:41:59 connection.go:190: [0x47] [INFO] [zeppelinecore] recv 60
2017/03/09 15:41:59 connection.go:190: [0x48] [INFO] [zeppelinecore] recv 61
2017/03/09 15:41:59 connection.go:190: [0x49] [INFO] [zeppelinecore] recv 62
2017/03/09 15:41:59 connection.go:190: [0x4a] [INFO] [zeppelinecore] recv 63
2017/03/09 15:41:59 connection.go:190: [0x4b] [INFO] [zeppelinecore] recv 64
2017/03/09 15:41:59 connection.go:190: [0x4c] [INFO] [zeppelinecore] recv 65
2017/03/09 15:41:59 connection.go:190: [0x4d] [INFO] [zeppelinecore] recv 66
2017/03/09 15:41:59 connection.go:190: [0x4e] [INFO] [zeppelinecore] recv 67
2017/03/09 15:41:59 connection.go:190: [0x4f] [INFO] [zeppelinecore] recv 68
2017/03/09 15:41:59 connection.go:190: [0x50] [INFO] [zeppelinecore] recv 69
2017/03/09 15:41:59 connection.go:190: [0x51] [INFO] [zeppelinecore] recv 70
2017/03/09 15:41:59 connection.go:190: [0x52] [INFO] [zeppelinecore] recv 71
2017/03/09 15:41:59 connection.go:190: [0x53] [INFO] [zeppelinecore] recv 72
2017/03/09 15:41:59 connection.go:190: [0x54] [INFO] [zeppelinecore] recv 73
2017/03/09 15:41:59 connection.go:190: [0x55] [INFO] [zeppelinecore] recv 74
2017/03/09 15:41:59 connection.go:190: [0x56] [INFO] [zeppelinecore] recv 75
2017/03/09 15:42:00 connection.go:190: [0x57] [INFO] [zeppelinecore] recv 76
2017/03/09 15:42:00 connection.go:190: [0x58] [INFO] [zeppelinecore] recv 77
2017/03/09 15:42:00 connection.go:190: [0x59] [INFO] [zeppelinecore] recv 78
2017/03/09 15:42:00 connection.go:190: [0x5a] [INFO] [zeppelinecore] recv 79
2017/03/09 15:42:00 connection.go:190: [0x5b] [INFO] [zeppelinecore] recv 80
2017/03/09 15:42:00 connection.go:190: [0x5c] [INFO] [zeppelinecore] recv 81
2017/03/09 15:42:00 connection.go:190: [0x5d] [INFO] [zeppelinecore] recv 82
2017/03/09 15:42:00 connection.go:190: [0x5e] [INFO] [zeppelinecore] recv 83
2017/03/09 15:42:00 connection.go:190: [0x5f] [INFO] [zeppelinecore] recv 84
2017/03/09 15:42:00 connection.go:190: [0x60] [INFO] [zeppelinecore] recv 85
2017/03/09 15:42:00 connection.go:190: [0x61] [INFO] [zeppelinecore] recv 86
2017/03/09 15:42:00 connection.go:190: [0x62] [INFO] [zeppelinecore] recv 87
2017/03/09 15:42:00 connection.go:190: [0x63] [INFO] [zeppelinecore] recv 88
2017/03/09 15:42:00 connection.go:190: [0x64] [INFO] [zeppelinecore] recv 89
2017/03/09 15:42:00 connection.go:190: [0x65] [INFO] [zeppelinecore] recv 90
2017/03/09 15:42:00 connection.go:190: [0x66] [INFO] [zeppelinecore] recv 91
2017/03/09 15:42:00 connection.go:190: [0x67] [INFO] [zeppelinecore] recv 92
2017/03/09 15:42:00 connection.go:190: [0x68] [INFO] [zeppelinecore] recv 93
2017/03/09 15:42:00 connection.go:190: [0x69] [INFO] [zeppelinecore] recv 94
2017/03/09 15:42:00 connection.go:190: [0x6a] [INFO] [zeppelinecore] recv 95
2017/03/09 15:42:00 connection.go:190: [0x6b] [INFO] [zeppelinecore] recv 96
2017/03/09 15:42:00 connection.go:190: [0x6c] [INFO] [zeppelinecore] recv 97
2017/03/09 15:42:00 connection.go:190: [0x6d] [INFO] [zeppelinecore] recv 98
2017/03/09 15:42:00 connection.go:190: [0x6e] [INFO] [zeppelinecore] recv 99
2017/03/09 15:42:00 connection.go:190: [0x6f] [INFO] [zeppelinecore] recv 100
2017/03/09 15:42:00 connection.go:190: [0x70] [INFO] [zeppelinecore] recv 101
2017/03/09 15:42:00 connection.go:190: [0x71] [INFO] [zeppelinecore] recv 102
2017/03/09 15:42:00 connection.go:190: [0x72] [INFO] [zeppelinecore] recv 103
2017/03/09 15:42:00 connection.go:190: [0x73] [INFO] [zeppelinecore] recv 104
2017/03/09 15:42:00 connection.go:190: [0x74] [INFO] [zeppelinecore] recv 105
2017/03/09 15:42:00 connection.go:190: [0x75] [INFO] [zeppelinecore] recv 106
2017/03/09 15:42:00 connection.go:190: [0x76] [INFO] [zeppelinecore] recv 107
2017/03/09 15:42:00 connection.go:190: [0x77] [INFO] [zeppelinecore] recv 108
2017/03/09 15:42:00 connection.go:190: [0x78] [INFO] [zeppelinecore] recv 109
2017/03/09 15:42:00 connection.go:190: [0x79] [INFO] [zeppelinecore] recv 110
2017/03/09 15:42:00 connection.go:190: [0x7a] [INFO] [zeppelinecore] recv 111
2017/03/09 15:42:00 connection.go:190: [0x7b] [INFO] [zeppelinecore] recv 112
2017/03/09 15:42:01 connection.go:190: [0x7c] [INFO] [zeppelinecore] recv 113
2017/03/09 15:42:01 connection.go:190: [0x7d] [INFO] [zeppelinecore] recv 114
2017/03/09 15:42:01 connection.go:190: [0x7e] [INFO] [zeppelinecore] recv 115
2017/03/09 15:42:01 connection.go:190: [0x7f] [INFO] [zeppelinecore] recv 116
2017/03/09 15:42:01 connection.go:190: [0x80] [INFO] [zeppelinecore] recv 117
2017/03/09 15:42:01 connection.go:190: [0x81] [INFO] [zeppelinecore] recv 118
2017/03/09 15:42:01 connection.go:240: [0x82] [INFO] [zeppelinecore] this recieve worker done 118
2017/03/09 16:53:28 connection.go:122: [0x1] [INFO] [zeppelinecore] 10.206.214.138:9221
2017/03/09 16:53:28 zepcmd.go:96: [0x2] [INFO] [zeppelinecore] listmeta
2017/03/09 16:53:28 connection.go:190: [0x3] [INFO] [zeppelinecore] recv 1
2017/03/09 16:53:28 connection.go:190: [0x4] [INFO] [zeppelinecore] recv 2
2017/03/09 17:01:35 connection.go:122: [0x1] [INFO] [zeppelinecore] 10.206.214.138:9221
2017/03/09 17:01:35 connection.go:190: [0x2] [INFO] [zeppelinecore] recv 1
2017/03/09 17:01:35 connection.go:190: [0x3] [INFO] [zeppelinecore] recv 2
2017/03/09 17:03:46 connection.go:122: [0x1] [INFO] [zeppelinecore] 10.206.214.138:9221
2017/03/09 17:03:46 connection.go:190: [0x2] [INFO] [zeppelinecore] recv 1
2017/03/09 17:03:46 connection.go:190: [0x3] [INFO] [zeppelinecore] recv 2
2017/03/09 17:04:09 connection.go:122: [0x1] [INFO] [zeppelinecore] 10.206.214.138:9221
2017/03/09 17:04:09 connection.go:190: [0x2] [INFO] [zeppelinecore] recv 1
2017/03/09 17:04:09 connection.go:190: [0x3] [INFO] [zeppelinecore] recv 2
2017/03/09 17:04:38 connection.go:122: [0x1] [INFO] [zeppelinecore] 10.206.214.138:9221
2017/03/09 17:04:38 connection.go:190: [0x2] [INFO] [zeppelinecore] recv 1
2017/03/09 17:04:38 connection.go:190: [0x3] [INFO] [zeppelinecore] recv 2
2017/03/09 17:27:59 connection.go:122: [0x1] [INFO] [zeppelinecore] 10.206.214.138:9221
2017/03/09 17:27:59 connection.go:190: [0x2] [INFO] [zeppelinecore] recv 1
2017/03/09 17:27:59 connection.go:190: [0x3] [INFO] [zeppelinecore] recv 2
2017/03/09 17:38:06 connection.go:122: [0x1] [INFO] [zeppelinecore] 10.206.214.138:9221
2017/03/09 17:38:06 connection.go:190: [0x2] [INFO] [zeppelinecore] recv 1
2017/03/09 17:38:06 zepcmd.go:122: [0x3] [INFO] [zeppelinecore] listmeta
2017/03/09 17:38:06 connection.go:190: [0x4] [INFO] [zeppelinecore] recv 2
2017/03/09 17:39:20 connection.go:122: [0x1] [INFO] [zeppelinecore] 10.206.214.138:9221
2017/03/09 17:39:20 connection.go:190: [0x2] [INFO] [zeppelinecore] recv 1
2017/03/09 17:39:21 connection.go:190: [0x3] [INFO] [zeppelinecore] recv 2
2017/03/09 17:40:18 connection.go:122: [0x1] [INFO] [zeppelinecore] 10.206.214.138:9221
2017/03/09 17:40:18 connection.go:190: [0x2] [INFO] [zeppelinecore] recv 1
2017/03/09 17:40:18 connection.go:190: [0x3] [INFO] [zeppelinecore] recv 2
2017/03/09 18:21:28 connection.go:122: [0x1] [INFO] [zeppelinecore] 10.206.214.138:9221
2017/03/09 18:21:28 connection.go:190: [0x2] [INFO] [zeppelinecore] recv 1
2017/03/09 18:21:29 connection.go:190: [0x3] [INFO] [zeppelinecore] recv 2
2017/03/09 18:21:33 zepcmd.go:246: [0x4] [INFO] [zeppelinecore] time out 500ms
2017/03/09 18:22:42 connection.go:122: [0x1] [INFO] [zeppelinecore] 10.206.214.138:9221
2017/03/09 18:22:42 connection.go:129: [0x2] [INFO] [zeppelinecore] tcp conn err: dial tcp 10.206.214.138:9221: getsockopt: connection refused
2017/03/09 18:22:42 connection.go:109: [0x3] [INFO] [zeppelinecore] bad conn, continue: dial tcp 10.206.214.138:9221: getsockopt: connection refused
2017/03/09 18:23:26 connection.go:122: [0x1] [INFO] [zeppelinecore] 10.206.214.138:9221
2017/03/09 18:23:26 connection.go:129: [0x2] [INFO] [zeppelinecore] tcp conn err: dial tcp 10.206.214.138:9221: getsockopt: connection refused
2017/03/09 18:23:26 connection.go:109: [0x3] [INFO] [zeppelinecore] bad conn, continue: dial tcp 10.206.214.138:9221: getsockopt: connection refused
2017/03/09 18:23:26 zepcmd.go:96: [0x4] [INFO] [zeppelinecore] listmeta
2017/03/09 18:44:31 connection.go:122: [0x1] [INFO] [zeppelinecore] 10.206.214.138:9221
2017/03/09 18:44:31 connection.go:190: [0x2] [INFO] [zeppelinecore] recv 1
2017/03/09 18:44:31 connection.go:240: [0x3] [INFO] [zeppelinecore] this recieve worker done 1
2017/03/09 18:45:34 connection.go:122: [0x1] [INFO] [zeppelinecore] 10.206.214.138:9221
2017/03/09 18:45:34 connection.go:190: [0x2] [INFO] [zeppelinecore] recv 1
2017/03/09 18:45:35 connection.go:190: [0x3] [INFO] [zeppelinecore] recv 2
2017/03/09 18:45:39 zepcmd.go:246: [0x4] [INFO] [zeppelinecore] time out 500ms
2017/03/09 18:45:45 connection.go:122: [0x1] [INFO] [zeppelinecore] 10.206.214.138:9221
2017/03/09 18:45:45 connection.go:129: [0x2] [INFO] [zeppelinecore] tcp conn err: dial tcp 10.206.214.138:9221: getsockopt: connection refused
2017/03/09 18:45:45 connection.go:109: [0x3] [INFO] [zeppelinecore] bad conn, continue: dial tcp 10.206.214.138:9221: getsockopt: connection refused
2017/03/09 18:46:44 connection.go:122: [0x1] [INFO] [zeppelinecore] 10.206.214.138:9221
2017/03/09 18:46:44 connection.go:190: [0x2] [INFO] [zeppelinecore] recv 1
2017/03/09 18:46:44 zepcmd.go:96: [0x3] [INFO] [zeppelinecore] listmeta
2017/03/09 18:46:45 connection.go:190: [0x4] [INFO] [zeppelinecore] recv 2
2017/03/09 18:47:03 connection.go:122: [0x1] [INFO] [zeppelinecore] 10.206.214.138:9221
2017/03/09 18:47:03 connection.go:190: [0x2] [INFO] [zeppelinecore] recv 1
2017/03/09 18:47:05 connection.go:190: [0x3] [INFO] [zeppelinecore] recv 2
2017/03/09 18:47:08 zepcmd.go:246: [0x4] [INFO] [zeppelinecore] time out 500ms
2017/03/09 18:49:43 connection.go:122: [0x1] [INFO] [zeppelinecore] 10.206.214.138:9221
2017/03/09 18:49:43 connection.go:190: [0x2] [INFO] [zeppelinecore] recv 1
2017/03/09 18:51:41 connection.go:122: [0x1] [INFO] [zeppelinecore] 10.206.214.138:9221
2017/03/09 18:51:41 connection.go:190: [0x2] [INFO] [zeppelinecore] recv 1
2017/03/09 18:51:41 connection.go:240: [0x3] [INFO] [zeppelinecore] this recieve worker done 1
2017/03/09 18:52:07 connection.go:122: [0x1] [INFO] [zeppelinecore] 10.206.214.138:9221
2017/03/09 18:52:07 connection.go:190: [0x2] [INFO] [zeppelinecore] recv 1
2017/03/09 18:52:08 connection.go:190: [0x3] [INFO] [zeppelinecore] recv 2
2017/03/09 18:52:12 zepcmd.go:246: [0x4] [INFO] [zeppelinecore] time out 500ms
2017/03/13 14:52:59 connection.go:122: [0x1] [INFO] [zeppelinecore] 10.206.214.138:9221
2017/03/13 14:52:59 connection.go:190: [0x2] [INFO] [zeppelinecore] recv 1
2017/03/13 14:52:59 connection.go:190: [0x3] [INFO] [zeppelinecore] recv 2
2017/03/13 14:53:44 connection.go:122: [0x1] [INFO] [zeppelinecore] 10.206.214.138:9221
2017/03/13 14:53:44 connection.go:190: [0x2] [INFO] [zeppelinecore] recv 1
2017/03/13 14:53:44 connection.go:190: [0x3] [INFO] [zeppelinecore] recv 2
2017/03/13 14:57:12 connection.go:122: [0x1] [INFO] [zeppelinecore] 10.206.214.138:9221
2017/03/13 14:57:12 connection.go:190: [0x2] [INFO] [zeppelinecore] recv 1
2017/03/13 14:57:12 connection.go:190: [0x3] [INFO] [zeppelinecore] recv 2
2017/03/13 14:57:38 connection.go:122: [0x1] [INFO] [zeppelinecore] 10.206.214.138:9221
2017/03/13 14:57:38 connection.go:190: [0x2] [INFO] [zeppelinecore] recv 1
2017/03/13 14:57:39 connection.go:190: [0x3] [INFO] [zeppelinecore] recv 2
2017/03/13 14:57:46 connection.go:122: [0x1] [INFO] [zeppelinecore] 10.206.214.138:9221
2017/03/13 14:57:46 connection.go:190: [0x2] [INFO] [zeppelinecore] recv 1
2017/03/13 14:57:46 connection.go:190: [0x3] [INFO] [zeppelinecore] recv 2
2017/03/13 14:57:57 connection.go:122: [0x1] [INFO] [zeppelinecore] 10.206.214.138:9221
2017/03/13 14:57:57 connection.go:190: [0x2] [INFO] [zeppelinecore] recv 1
2017/03/13 14:57:57 connection.go:190: [0x3] [INFO] [zeppelinecore] recv 2
2017/03/13 14:59:03 connection.go:122: [0x1] [INFO] [zeppelinecore] 10.206.214.138:9221
2017/03/13 14:59:03 connection.go:190: [0x2] [INFO] [zeppelinecore] recv 1
2017/03/13 14:59:03 connection.go:190: [0x3] [INFO] [zeppelinecore] recv 2
2017/03/13 14:59:42 connection.go:122: [0x1] [INFO] [zeppelinecore] 10.206.214.138:9221
2017/03/13 14:59:42 connection.go:190: [0x2] [INFO] [zeppelinecore] recv 1
2017/03/13 14:59:43 connection.go:190: [0x3] [INFO] [zeppelinecore] recv 2
2017/03/13 15:02:06 connection.go:122: [0x1] [INFO] [zeppelinecore] 10.206.214.138:9221
2017/03/13 15:02:06 connection.go:190: [0x2] [INFO] [zeppelinecore] recv 1
2017/03/13 15:02:06 connection.go:190: [0x3] [INFO] [zeppelinecore] recv 2
2017/03/13 15:03:07 connection.go:122: [0x1] [INFO] [zeppelinecore] 10.206.214.138:9221
2017/03/13 15:03:07 connection.go:190: [0x2] [INFO] [zeppelinecore] recv 1
2017/03/13 15:03:07 connection.go:190: [0x3] [INFO] [zeppelinecore] recv 2
2017/03/13 15:03:24 connection.go:122: [0x1] [INFO] [zeppelinecore] 10.206.214.138:9221
2017/03/13 15:03:24 connection.go:190: [0x2] [INFO] [zeppelinecore] recv 1
2017/03/13 15:03:24 connection.go:190: [0x3] [INFO] [zeppelinecore] recv 2
2017/03/13 15:03:43 connection.go:122: [0x1] [INFO] [zeppelinecore] 10.206.214.138:9221
2017/03/13 15:03:43 connection.go:190: [0x2] [INFO] [zeppelinecore] recv 1
2017/03/13 15:03:43 connection.go:190: [0x3] [INFO] [zeppelinecore] recv 2
2017/03/13 15:04:07 connection.go:122: [0x1] [INFO] [zeppelinecore] 10.206.214.138:9221
2017/03/13 15:04:08 connection.go:190: [0x2] [INFO] [zeppelinecore] recv 1
2017/03/13 15:04:08 connection.go:190: [0x3] [INFO] [zeppelinecore] recv 2
2017/03/13 15:06:45 connection.go:122: [0x1] [INFO] [zeppelinecore] 10.206.214.138:9221
2017/03/13 15:06:45 connection.go:190: [0x2] [INFO] [zeppelinecore] recv 1
2017/03/13 15:06:46 connection.go:190: [0x3] [INFO] [zeppelinecore] recv 2
2017/03/13 15:14:14 connection.go:122: [0x1] [INFO] [zeppelinecore] 10.206.214.138:9221
2017/03/13 15:14:14 connection.go:190: [0x2] [INFO] [zeppelinecore] recv 1
2017/03/13 15:14:19 zepcmd.go:278: [0x3] [INFO] [zeppelinecore] time out 500ms
2017/03/13 15:17:29 connection.go:122: [0x1] [INFO] [zeppelinecore] 10.206.214.138:9221
2017/03/13 15:17:29 connection.go:190: [0x2] [INFO] [zeppelinecore] recv 1
2017/03/13 15:17:34 zepcmd.go:278: [0x3] [INFO] [zeppelinecore] time out 500ms
2017/03/13 15:28:38 connection.go:122: [0x1] [INFO] [zeppelinecore] 10.206.214.138:9221
2017/03/13 15:28:38 connection.go:190: [0x2] [INFO] [zeppelinecore] recv 1
2017/03/13 15:28:42 connection.go:190: [0x3] [INFO] [zeppelinecore] recv 2
2017/03/13 15:29:31 connection.go:122: [0x1] [INFO] [zeppelinecore] 10.206.214.138:9221
2017/03/13 15:29:31 connection.go:190: [0x2] [INFO] [zeppelinecore] recv 1
2017/03/13 15:29:32 connection.go:190: [0x3] [INFO] [zeppelinecore] recv 2
2017/03/13 15:29:41 connection.go:122: [0x1] [INFO] [zeppelinecore] 10.206.214.138:9221
2017/03/13 15:29:41 connection.go:190: [0x2] [INFO] [zeppelinecore] recv 1
2017/03/13 15:29:44 connection.go:190: [0x3] [INFO] [zeppelinecore] recv 2
2017/03/13 15:29:53 connection.go:122: [0x1] [INFO] [zeppelinecore] 10.206.214.138:9221
2017/03/13 15:29:53 connection.go:190: [0x2] [INFO] [zeppelinecore] recv 1
2017/03/13 15:29:55 connection.go:190: [0x3] [INFO] [zeppelinecore] recv 2
2017/03/13 15:30:27 connection.go:122: [0x1] [INFO] [zeppelinecore] 10.206.214.138:9221
2017/03/13 15:30:27 connection.go:190: [0x2] [INFO] [zeppelinecore] recv 1
2017/03/13 15:30:31 connection.go:190: [0x3] [INFO] [zeppelinecore] recv 2
2017/03/13 15:32:11 connection.go:122: [0x1] [INFO] [zeppelinecore] 10.206.214.138:9221
2017/03/13 15:32:11 connection.go:190: [0x2] [INFO] [zeppelinecore] recv 1
2017/03/13 15:32:21 connection.go:190: [0x3] [INFO] [zeppelinecore] recv 2
2017/03/13 17:09:53 connection.go:122: [0x1] [INFO] [zeppelinecore] 10.206.214.138:9221
2017/03/13 17:09:53 connection.go:190: [0x2] [INFO] [zeppelinecore] recv 1
2017/03/13 17:09:53 connection.go:190: [0x3] [INFO] [zeppelinecore] recv 2
2017/03/13 17:10:26 connection.go:122: [0x1] [INFO] [zeppelinecore] 10.206.214.138:9221
2017/03/13 17:10:26 connection.go:190: [0x2] [INFO] [zeppelinecore] recv 1
2017/03/13 17:10:26 connection.go:190: [0x3] [INFO] [zeppelinecore] recv 2
2017/03/13 17:10:35 connection.go:122: [0x1] [INFO] [zeppelinecore] 10.206.214.138:9221
2017/03/13 17:10:35 connection.go:190: [0x2] [INFO] [zeppelinecore] recv 1
2017/03/13 17:10:35 zepcmd.go:291: [0x3] [INFO] [zeppelinecore] time out 5 second
2017/03/13 17:10:48 connection.go:122: [0x1] [INFO] [zeppelinecore] 10.206.214.138:9221
2017/03/13 17:10:48 connection.go:190: [0x2] [INFO] [zeppelinecore] recv 1
2017/03/13 17:10:48 connection.go:190: [0x3] [INFO] [zeppelinecore] recv 2
2017/03/13 17:16:45 connection.go:122: [0x1] [INFO] [zeppelinecore] 10.206.214.138:9221
2017/03/13 17:16:45 connection.go:190: [0x2] [INFO] [zeppelinecore] recv 1
2017/03/13 17:16:45 connection.go:190: [0x3] [INFO] [zeppelinecore] recv 2
2017/03/13 17:17:23 connection.go:122: [0x1] [INFO] [zeppelinecore] 10.206.214.138:9221
2017/03/13 17:17:23 connection.go:190: [0x2] [INFO] [zeppelinecore] recv 1
2017/03/13 17:17:23 connection.go:190: [0x3] [INFO] [zeppelinecore] recv 2
2017/03/13 17:20:07 connection.go:122: [0x1] [INFO] [zeppelinecore] 10.206.214.138:9221
2017/03/13 17:20:07 connection.go:190: [0x2] [INFO] [zeppelinecore] recv 1
2017/03/13 17:20:07 connection.go:190: [0x3] [INFO] [zeppelinecore] recv 2
2017/03/13 17:20:12 connection.go:122: [0x1] [INFO] [zeppelinecore] 10.206.214.138:9221
2017/03/13 17:20:13 connection.go:190: [0x2] [INFO] [zeppelinecore] recv 1
2017/03/13 17:20:13 connection.go:190: [0x3] [INFO] [zeppelinecore] recv 2
2017/03/13 17:20:41 connection.go:122: [0x1] [INFO] [zeppelinecore] 10.206.214.138:9221
2017/03/13 17:20:41 connection.go:190: [0x2] [INFO] [zeppelinecore] recv 1
2017/03/13 17:20:41 connection.go:190: [0x3] [INFO] [zeppelinecore] recv 2
2017/03/13 17:20:49 connection.go:122: [0x1] [INFO] [zeppelinecore] 10.206.214.138:9221
2017/03/13 17:20:49 connection.go:190: [0x2] [INFO] [zeppelinecore] recv 1
2017/03/13 17:20:49 connection.go:190: [0x3] [INFO] [zeppelinecore] recv 2
2017/03/13 17:21:19 connection.go:122: [0x1] [INFO] [zeppelinecore] 10.206.214.138:9221
2017/03/13 17:21:19 connection.go:190: [0x2] [INFO] [zeppelinecore] recv 1
2017/03/13 17:21:19 connection.go:190: [0x3] [INFO] [zeppelinecore] recv 2
2017/03/13 17:23:23 connection.go:122: [0x1] [INFO] [zeppelinecore] 10.206.214.138:9221
2017/03/13 17:23:23 connection.go:190: [0x2] [INFO] [zeppelinecore] recv 1
2017/03/13 17:23:23 connection.go:190: [0x3] [INFO] [zeppelinecore] recv 2
2017/03/13 17:23:30 connection.go:122: [0x1] [INFO] [zeppelinecore] 10.206.214.138:9221
2017/03/13 17:23:30 connection.go:190: [0x2] [INFO] [zeppelinecore] recv 1
2017/03/13 17:23:30 connection.go:190: [0x3] [INFO] [zeppelinecore] recv 2
2017/03/13 17:23:32 connection.go:122: [0x1] [INFO] [zeppelinecore] 10.206.214.138:9221
2017/03/13 17:23:32 connection.go:190: [0x2] [INFO] [zeppelinecore] recv 1
2017/03/13 17:23:32 connection.go:190: [0x3] [INFO] [zeppelinecore] recv 2
2017/03/13 17:26:56 connection.go:122: [0x1] [INFO] [zeppelinecore] 10.206.214.138:9221
2017/03/13 17:26:56 connection.go:190: [0x2] [INFO] [zeppelinecore] recv 1
2017/03/13 17:26:56 connection.go:190: [0x3] [INFO] [zeppelinecore] recv 2
2017/03/13 17:27:15 connection.go:122: [0x1] [INFO] [zeppelinecore] 10.206.214.138:9221
2017/03/13 17:27:15 connection.go:190: [0x2] [INFO] [zeppelinecore] recv 1
2017/03/13 17:27:15 connection.go:190: [0x3] [INFO] [zeppelinecore] recv 2
2017/03/13 17:30:50 connection.go:122: [0x1] [INFO] [zeppelinecore] 10.206.214.138:9221
2017/03/13 17:30:50 connection.go:190: [0x2] [INFO] [zeppelinecore] recv 1
2017/03/13 17:30:50 connection.go:190: [0x3] [INFO] [zeppelinecore] recv 2
2017/03/13 17:33:13 connection.go:122: [0x1] [INFO] [zeppelinecore] 10.206.214.138:9221
2017/03/13 17:33:13 connection.go:190: [0x2] [INFO] [zeppelinecore] recv 1
2017/03/13 17:33:13 connection.go:190: [0x3] [INFO] [zeppelinecore] recv 2
2017/03/13 17:35:19 connection.go:122: [0x1] [INFO] [zeppelinecore] 10.206.214.138:9221
2017/03/13 17:35:19 connection.go:190: [0x2] [INFO] [zeppelinecore] recv 1
2017/03/13 17:35:19 connection.go:190: [0x3] [INFO] [zeppelinecore] recv 2
2017/03/13 17:35:57 connection.go:122: [0x1] [INFO] [zeppelinecore] 10.206.214.138:9221
2017/03/13 17:35:57 connection.go:190: [0x2] [INFO] [zeppelinecore] recv 1
2017/03/13 17:35:57 connection.go:190: [0x3] [INFO] [zeppelinecore] recv 2
2017/03/13 17:36:56 connection.go:122: [0x1] [INFO] [zeppelinecore] 10.206.214.138:9221
2017/03/13 17:36:56 connection.go:190: [0x2] [INFO] [zeppelinecore] recv 1
2017/03/13 17:36:56 connection.go:190: [0x3] [INFO] [zeppelinecore] recv 2
2017/03/13 17:38:22 connection.go:122: [0x1] [INFO] [zeppelinecore] 10.206.214.138:9221
2017/03/13 17:38:22 connection.go:190: [0x2] [INFO] [zeppelinecore] recv 1
2017/03/13 17:38:22 connection.go:190: [0x3] [INFO] [zeppelinecore] recv 2
2017/03/13 17:38:31 connection.go:122: [0x1] [INFO] [zeppelinecore] 10.206.214.138:9221
2017/03/13 17:38:31 connection.go:190: [0x2] [INFO] [zeppelinecore] recv 1
2017/03/13 17:38:31 connection.go:190: [0x3] [INFO] [zeppelinecore] recv 2
2017/03/13 17:39:02 connection.go:122: [0x1] [INFO] [zeppelinecore] 10.206.214.138:9221
2017/03/13 17:39:02 connection.go:190: [0x2] [INFO] [zeppelinecore] recv 1
2017/03/13 17:39:02 connection.go:190: [0x3] [INFO] [zeppelinecore] recv 2
2017/03/13 17:39:25 connection.go:122: [0x1] [INFO] [zeppelinecore] 10.206.214.138:9221
2017/03/13 17:39:25 connection.go:190: [0x2] [INFO] [zeppelinecore] recv 1
2017/03/13 17:39:25 connection.go:190: [0x3] [INFO] [zeppelinecore] recv 2
2017/03/13 17:40:08 connection.go:122: [0x1] [INFO] [zeppelinecore] 10.206.214.138:9221
2017/03/13 17:40:08 connection.go:190: [0x2] [INFO] [zeppelinecore] recv 1
2017/03/13 17:40:08 connection.go:190: [0x3] [INFO] [zeppelinecore] recv 2
2017/03/13 17:40:12 connection.go:122: [0x1] [INFO] [zeppelinecore] 10.206.214.138:9221
2017/03/13 17:40:12 connection.go:190: [0x2] [INFO] [zeppelinecore] recv 1
2017/03/13 17:40:12 connection.go:190: [0x3] [INFO] [zeppelinecore] recv 2
2017/03/16 19:46:01 connection.go:122: [0x1] [INFO] [zeppelinecore] <nil>
2017/03/16 19:46:01 connection.go:124: [0x2] [INFO] [zeppelinecore] tcp resolve err: lookup xxxx.xxxx.xxx.xxx: no such host
2017/03/16 19:46:01 connection.go:109: [0x3] [INFO] [zeppelinecore] bad conn, continue: lookup xxxx.xxxx.xxx.xxx: no such host
2017/03/16 19:47:10 connection.go:122: [0x1] [INFO] [zeppelinecore] 10.203.11.76:9221
2017/03/16 19:47:10 connection.go:191: [0x2] [INFO] [zeppelinecore] recv 1
2017/03/16 19:47:15 connection.go:247: [0x3] [INFO] [zeppelinecore] waiting for request or done io  5 second
2017/03/16 19:47:15 connection.go:191: [0x4] [INFO] [zeppelinecore] recv 2
2017/03/16 19:47:20 connection.go:247: [0x5] [INFO] [zeppelinecore] waiting for request or done io  5 second
2017/03/16 19:47:20 connection.go:191: [0x6] [INFO] [zeppelinecore] recv 3
2017/03/16 19:47:25 connection.go:247: [0x7] [INFO] [zeppelinecore] waiting for request or done io  5 second
2017/03/16 19:47:25 connection.go:191: [0x8] [INFO] [zeppelinecore] recv 4
2017/03/16 19:47:30 connection.go:247: [0x9] [INFO] [zeppelinecore] waiting for request or done io  5 second
2017/03/16 19:47:30 connection.go:191: [0xa] [INFO] [zeppelinecore] recv 5
2017/03/16 19:47:35 connection.go:247: [0xb] [INFO] [zeppelinecore] waiting for request or done io  5 second
2017/03/16 19:47:35 connection.go:191: [0xc] [INFO] [zeppelinecore] recv 6
2017/03/16 19:47:40 connection.go:247: [0xd] [INFO] [zeppelinecore] waiting for request or done io  5 second
2017/03/16 19:47:40 connection.go:191: [0xe] [INFO] [zeppelinecore] recv 7
2017/03/16 19:47:45 connection.go:247: [0xf] [INFO] [zeppelinecore] waiting for request or done io  5 second
2017/03/16 19:47:45 connection.go:191: [0x10] [INFO] [zeppelinecore] recv 8
2017/03/16 19:47:48 zepcmd.go:149: [0x11] [INFO] [zeppelinecore] listmeta
2017/03/16 19:47:48 connection.go:191: [0x12] [INFO] [zeppelinecore] recv 9
2017/03/16 19:47:48 connection.go:191: [0x13] [INFO] [zeppelinecore] recv 10
2017/03/16 19:47:53 connection.go:247: [0x14] [INFO] [zeppelinecore] waiting for request or done io  5 second
2017/03/16 19:47:53 connection.go:191: [0x15] [INFO] [zeppelinecore] recv 11
2017/03/16 19:47:54 zepcmd.go:149: [0x16] [INFO] [zeppelinecore] listmeta
2017/03/16 19:47:54 connection.go:191: [0x17] [INFO] [zeppelinecore] recv 12
2017/03/16 19:47:54 connection.go:191: [0x18] [INFO] [zeppelinecore] recv 13
2017/03/16 19:47:59 connection.go:247: [0x19] [INFO] [zeppelinecore] waiting for request or done io  5 second
2017/03/16 19:47:59 connection.go:191: [0x1a] [INFO] [zeppelinecore] recv 14
2017/03/16 19:47:59 zepcmd.go:149: [0x1b] [INFO] [zeppelinecore] listmeta
2017/03/16 19:47:59 connection.go:191: [0x1c] [INFO] [zeppelinecore] recv 15
2017/03/16 19:47:59 connection.go:191: [0x1d] [INFO] [zeppelinecore] recv 16
2017/03/16 19:48:04 connection.go:247: [0x1e] [INFO] [zeppelinecore] waiting for request or done io  5 second
2017/03/16 19:48:04 connection.go:191: [0x1f] [INFO] [zeppelinecore] recv 17
2017/03/16 19:48:09 connection.go:247: [0x20] [INFO] [zeppelinecore] waiting for request or done io  5 second
2017/03/16 19:48:09 connection.go:191: [0x21] [INFO] [zeppelinecore] recv 18
2017/03/16 19:48:14 connection.go:247: [0x22] [INFO] [zeppelinecore] waiting for request or done io  5 second
2017/03/16 19:48:14 connection.go:191: [0x23] [INFO] [zeppelinecore] recv 19
2017/03/16 19:48:19 connection.go:247: [0x24] [INFO] [zeppelinecore] waiting for request or done io  5 second
2017/03/16 19:48:19 connection.go:191: [0x25] [INFO] [zeppelinecore] recv 20
2017/03/16 19:48:24 connection.go:247: [0x26] [INFO] [zeppelinecore] waiting for request or done io  5 second
2017/03/16 19:48:24 connection.go:191: [0x27] [INFO] [zeppelinecore] recv 21
2017/03/16 19:48:29 connection.go:247: [0x28] [INFO] [zeppelinecore] waiting for request or done io  5 second
2017/03/16 19:48:29 connection.go:191: [0x29] [INFO] [zeppelinecore] recv 22
2017/03/16 19:48:32 zepcmd.go:149: [0x2a] [INFO] [zeppelinecore] listmeta
2017/03/16 19:48:32 connection.go:191: [0x2b] [INFO] [zeppelinecore] recv 23
2017/03/16 19:48:32 connection.go:191: [0x2c] [INFO] [zeppelinecore] recv 24
2017/03/16 19:48:37 zepcmd.go:149: [0x2d] [INFO] [zeppelinecore] listmeta
2017/03/16 19:48:37 connection.go:191: [0x2e] [INFO] [zeppelinecore] recv 25
2017/03/16 19:48:37 connection.go:191: [0x2f] [INFO] [zeppelinecore] recv 26
2017/03/16 19:48:42 connection.go:247: [0x30] [INFO] [zeppelinecore] waiting for request or done io  5 second
2017/03/16 19:48:42 connection.go:191: [0x31] [INFO] [zeppelinecore] recv 27
2017/03/16 19:48:47 connection.go:247: [0x32] [INFO] [zeppelinecore] waiting for request or done io  5 second
2017/03/16 19:48:47 connection.go:191: [0x33] [INFO] [zeppelinecore] recv 28
2017/03/16 19:48:52 connection.go:247: [0x34] [INFO] [zeppelinecore] waiting for request or done io  5 second
2017/03/16 19:48:52 connection.go:191: [0x35] [INFO] [zeppelinecore] recv 29
2017/03/16 19:48:57 connection.go:247: [0x36] [INFO] [zeppelinecore] waiting for request or done io  5 second
2017/03/16 19:48:57 connection.go:191: [0x37] [INFO] [zeppelinecore] recv 30
2017/03/16 19:49:02 connection.go:247: [0x38] [INFO] [zeppelinecore] waiting for request or done io  5 second
2017/03/16 19:49:02 connection.go:191: [0x39] [INFO] [zeppelinecore] recv 31
2017/03/16 19:49:07 connection.go:247: [0x3a] [INFO] [zeppelinecore] waiting for request or done io  5 second
2017/03/16 19:49:07 connection.go:191: [0x3b] [INFO] [zeppelinecore] recv 32
2017/03/16 19:49:12 connection.go:247: [0x3c] [INFO] [zeppelinecore] waiting for request or done io  5 second
2017/03/16 19:49:12 connection.go:191: [0x3d] [INFO] [zeppelinecore] recv 33
2017/03/16 19:49:17 connection.go:247: [0x3e] [INFO] [zeppelinecore] waiting for request or done io  5 second
2017/03/16 19:49:17 connection.go:191: [0x3f] [INFO] [zeppelinecore] recv 34
2017/03/16 19:49:22 connection.go:247: [0x40] [INFO] [zeppelinecore] waiting for request or done io  5 second
2017/03/16 19:49:22 connection.go:191: [0x41] [INFO] [zeppelinecore] recv 35
2017/03/16 19:49:27 connection.go:247: [0x42] [INFO] [zeppelinecore] waiting for request or done io  5 second
2017/03/16 19:49:27 connection.go:191: [0x43] [INFO] [zeppelinecore] recv 36
2017/03/16 19:49:32 connection.go:247: [0x44] [INFO] [zeppelinecore] waiting for request or done io  5 second
2017/03/16 19:49:32 connection.go:191: [0x45] [INFO] [zeppelinecore] recv 37
2017/03/16 19:49:37 connection.go:247: [0x46] [INFO] [zeppelinecore] waiting for request or done io  5 second
2017/03/16 19:49:37 connection.go:191: [0x47] [INFO] [zeppelinecore] recv 38
2017/03/16 19:49:42 connection.go:247: [0x48] [INFO] [zeppelinecore] waiting for request or done io  5 second
2017/03/16 19:49:42 connection.go:191: [0x49] [INFO] [zeppelinecore] recv 39
2017/03/16 19:49:47 connection.go:247: [0x4a] [INFO] [zeppelinecore] waiting for request or done io  5 second
2017/03/16 19:49:47 connection.go:191: [0x4b] [INFO] [zeppelinecore] recv 40
2017/03/16 19:49:52 connection.go:247: [0x4c] [INFO] [zeppelinecore] waiting for request or done io  5 second
2017/03/16 19:49:52 connection.go:191: [0x4d] [INFO] [zeppelinecore] recv 41
2017/03/16 19:49:57 connection.go:247: [0x4e] [INFO] [zeppelinecore] waiting for request or done io  5 second
2017/03/16 19:49:57 connection.go:191: [0x4f] [INFO] [zeppelinecore] recv 42
2017/03/16 19:50:02 connection.go:247: [0x50] [INFO] [zeppelinecore] waiting for request or done io  5 second
2017/03/16 19:50:02 connection.go:191: [0x51] [INFO] [zeppelinecore] recv 43
2017/03/16 19:50:07 connection.go:247: [0x52] [INFO] [zeppelinecore] waiting for request or done io  5 second
2017/03/16 19:50:07 connection.go:191: [0x53] [INFO] [zeppelinecore] recv 44
2017/03/16 19:50:12 connection.go:247: [0x54] [INFO] [zeppelinecore] waiting for request or done io  5 second
2017/03/16 19:50:12 connection.go:191: [0x55] [INFO] [zeppelinecore] recv 45
2017/03/16 19:50:17 connection.go:247: [0x56] [INFO] [zeppelinecore] waiting for request or done io  5 second
2017/03/16 19:50:17 connection.go:191: [0x57] [INFO] [zeppelinecore] recv 46
2017/03/16 19:50:22 connection.go:247: [0x58] [INFO] [zeppelinecore] waiting for request or done io  5 second
2017/03/16 19:50:22 connection.go:191: [0x59] [INFO] [zeppelinecore] recv 47
2017/03/16 19:50:27 connection.go:247: [0x5a] [INFO] [zeppelinecore] waiting for request or done io  5 second
2017/03/16 19:50:27 connection.go:191: [0x5b] [INFO] [zeppelinecore] recv 48
2017/03/16 19:50:32 connection.go:247: [0x5c] [INFO] [zeppelinecore] waiting for request or done io  5 second
2017/03/16 19:50:32 connection.go:191: [0x5d] [INFO] [zeppelinecore] recv 49
2017/03/16 19:50:37 connection.go:247: [0x5e] [INFO] [zeppelinecore] waiting for request or done io  5 second
2017/03/16 19:50:37 connection.go:191: [0x5f] [INFO] [zeppelinecore] recv 50
2017/03/16 19:50:42 connection.go:247: [0x60] [INFO] [zeppelinecore] waiting for request or done io  5 second
2017/03/16 19:50:42 connection.go:191: [0x61] [INFO] [zeppelinecore] recv 51
2017/03/16 19:50:47 connection.go:247: [0x62] [INFO] [zeppelinecore] waiting for request or done io  5 second
2017/03/16 19:50:47 connection.go:191: [0x63] [INFO] [zeppelinecore] recv 52
2017/03/16 19:50:52 connection.go:247: [0x64] [INFO] [zeppelinecore] waiting for request or done io  5 second
2017/03/16 19:50:52 connection.go:191: [0x65] [INFO] [zeppelinecore] recv 53
2017/03/16 19:50:57 connection.go:247: [0x66] [INFO] [zeppelinecore] waiting for request or done io  5 second
2017/03/16 19:50:57 connection.go:191: [0x67] [INFO] [zeppelinecore] recv 54
2017/03/16 19:51:02 connection.go:247: [0x68] [INFO] [zeppelinecore] waiting for request or done io  5 second
2017/03/16 19:51:02 connection.go:191: [0x69] [INFO] [zeppelinecore] recv 55
2017/03/16 19:51:07 connection.go:247: [0x6a] [INFO] [zeppelinecore] waiting for request or done io  5 second
2017/03/16 19:51:07 connection.go:191: [0x6b] [INFO] [zeppelinecore] recv 56
2017/03/16 19:51:12 connection.go:247: [0x6c] [INFO] [zeppelinecore] waiting for request or done io  5 second
2017/03/16 19:51:12 connection.go:191: [0x6d] [INFO] [zeppelinecore] recv 57
2017/03/16 19:51:12 connection.go:122: [0x1] [INFO] [zeppelinecore] 10.203.11.76:9221
2017/03/16 19:51:12 connection.go:191: [0x2] [INFO] [zeppelinecore] recv 1
2017/03/16 19:51:17 connection.go:247: [0x6e] [INFO] [zeppelinecore] waiting for request or done io  5 second
2017/03/16 19:51:17 connection.go:191: [0x6f] [INFO] [zeppelinecore] recv 58
2017/03/16 19:51:22 connection.go:247: [0x70] [INFO] [zeppelinecore] waiting for request or done io  5 second
2017/03/16 19:51:22 connection.go:191: [0x71] [INFO] [zeppelinecore] recv 59
2017/03/16 19:51:27 connection.go:247: [0x72] [INFO] [zeppelinecore] waiting for request or done io  5 second
2017/03/16 19:51:27 connection.go:191: [0x73] [INFO] [zeppelinecore] recv 60
2017/03/16 19:51:32 connection.go:247: [0x74] [INFO] [zeppelinecore] waiting for request or done io  5 second
2017/03/16 19:51:32 connection.go:191: [0x75] [INFO] [zeppelinecore] recv 61
2017/03/16 19:51:37 connection.go:247: [0x76] [INFO] [zeppelinecore] waiting for request or done io  5 second
2017/03/16 19:51:37 connection.go:191: [0x77] [INFO] [zeppelinecore] recv 62
2017/03/16 19:51:42 connection.go:247: [0x78] [INFO] [zeppelinecore] waiting for request or done io  5 second
2017/03/16 19:51:42 connection.go:191: [0x79] [INFO] [zeppelinecore] recv 63
2017/03/16 19:51:47 connection.go:247: [0x7a] [INFO] [zeppelinecore] waiting for request or done io  5 second
2017/03/16 19:51:47 connection.go:191: [0x7b] [INFO] [zeppelinecore] recv 64
2017/03/16 19:51:52 connection.go:247: [0x7c] [INFO] [zeppelinecore] waiting for request or done io  5 second
2017/03/16 19:51:52 connection.go:191: [0x7d] [INFO] [zeppelinecore] recv 65
2017/03/16 19:51:57 connection.go:247: [0x7e] [INFO] [zeppelinecore] waiting for request or done io  5 second
2017/03/16 19:51:57 connection.go:191: [0x7f] [INFO] [zeppelinecore] recv 66
2017/03/16 19:52:02 connection.go:247: [0x80] [INFO] [zeppelinecore] waiting for request or done io  5 second
2017/03/16 19:52:02 connection.go:191: [0x81] [INFO] [zeppelinecore] recv 67
2017/03/16 19:52:07 connection.go:247: [0x82] [INFO] [zeppelinecore] waiting for request or done io  5 second
2017/03/16 19:52:07 connection.go:191: [0x83] [INFO] [zeppelinecore] recv 68
2017/03/16 19:52:12 connection.go:247: [0x84] [INFO] [zeppelinecore] waiting for request or done io  5 second
2017/03/16 19:52:12 connection.go:191: [0x85] [INFO] [zeppelinecore] recv 69
2017/03/16 19:52:17 connection.go:247: [0x86] [INFO] [zeppelinecore] waiting for request or done io  5 second
2017/03/16 19:52:17 connection.go:191: [0x87] [INFO] [zeppelinecore] recv 70
2017/03/16 19:52:22 connection.go:247: [0x88] [INFO] [zeppelinecore] waiting for request or done io  5 second
2017/03/16 19:52:22 connection.go:191: [0x89] [INFO] [zeppelinecore] recv 71
2017/03/16 19:52:27 connection.go:247: [0x8a] [INFO] [zeppelinecore] waiting for request or done io  5 second
2017/03/16 19:52:27 connection.go:191: [0x8b] [INFO] [zeppelinecore] recv 72
2017/03/16 19:52:32 connection.go:247: [0x8c] [INFO] [zeppelinecore] waiting for request or done io  5 second
2017/03/16 19:52:32 connection.go:191: [0x8d] [INFO] [zeppelinecore] recv 73
2017/03/16 19:52:37 connection.go:247: [0x8e] [INFO] [zeppelinecore] waiting for request or done io  5 second
2017/03/16 19:52:37 connection.go:191: [0x8f] [INFO] [zeppelinecore] recv 74
2017/03/16 19:52:42 connection.go:247: [0x90] [INFO] [zeppelinecore] waiting for request or done io  5 second
2017/03/16 19:52:42 connection.go:191: [0x91] [INFO] [zeppelinecore] recv 75
2017/03/16 19:52:47 connection.go:247: [0x92] [INFO] [zeppelinecore] waiting for request or done io  5 second
2017/03/16 19:52:47 connection.go:191: [0x93] [INFO] [zeppelinecore] recv 76
2017/03/16 19:52:52 connection.go:247: [0x94] [INFO] [zeppelinecore] waiting for request or done io  5 second
2017/03/16 19:52:52 connection.go:191: [0x95] [INFO] [zeppelinecore] recv 77
2017/03/16 19:52:57 connection.go:247: [0x96] [INFO] [zeppelinecore] waiting for request or done io  5 second
2017/03/16 19:52:57 connection.go:191: [0x97] [INFO] [zeppelinecore] recv 78
2017/03/16 19:53:02 connection.go:247: [0x98] [INFO] [zeppelinecore] waiting for request or done io  5 second
2017/03/16 19:53:02 connection.go:191: [0x99] [INFO] [zeppelinecore] recv 79
2017/03/16 19:53:07 connection.go:247: [0x9a] [INFO] [zeppelinecore] waiting for request or done io  5 second
2017/03/16 19:53:07 connection.go:191: [0x9b] [INFO] [zeppelinecore] recv 80
2017/03/16 19:53:12 connection.go:247: [0x9c] [INFO] [zeppelinecore] waiting for request or done io  5 second
2017/03/16 19:53:12 connection.go:191: [0x9d] [INFO] [zeppelinecore] recv 81
2017/03/16 19:53:17 connection.go:247: [0x9e] [INFO] [zeppelinecore] waiting for request or done io  5 second
2017/03/16 19:53:17 connection.go:191: [0x9f] [INFO] [zeppelinecore] recv 82
2017/03/16 19:53:22 connection.go:247: [0xa0] [INFO] [zeppelinecore] waiting for request or done io  5 second
2017/03/16 19:53:22 connection.go:191: [0xa1] [INFO] [zeppelinecore] recv 83
2017/03/16 19:53:27 connection.go:247: [0xa2] [INFO] [zeppelinecore] waiting for request or done io  5 second
2017/03/16 19:53:27 connection.go:191: [0xa3] [INFO] [zeppelinecore] recv 84
2017/03/16 19:53:32 connection.go:247: [0xa4] [INFO] [zeppelinecore] waiting for request or done io  5 second
2017/03/16 19:53:32 connection.go:191: [0xa5] [INFO] [zeppelinecore] recv 85
2017/03/16 19:53:37 connection.go:247: [0xa6] [INFO] [zeppelinecore] waiting for request or done io  5 second
2017/03/16 19:53:37 connection.go:191: [0xa7] [INFO] [zeppelinecore] recv 86
2017/03/16 19:53:42 connection.go:247: [0xa8] [INFO] [zeppelinecore] waiting for request or done io  5 second
2017/03/16 19:53:42 connection.go:191: [0xa9] [INFO] [zeppelinecore] recv 87
2017/03/16 19:53:47 connection.go:247: [0xaa] [INFO] [zeppelinecore] waiting for request or done io  5 second
2017/03/16 19:53:47 connection.go:191: [0xab] [INFO] [zeppelinecore] recv 88
2017/03/16 19:53:52 connection.go:247: [0xac] [INFO] [zeppelinecore] waiting for request or done io  5 second
2017/03/16 19:53:52 connection.go:191: [0xad] [INFO] [zeppelinecore] recv 89
2017/03/16 19:53:57 connection.go:247: [0xae] [INFO] [zeppelinecore] waiting for request or done io  5 second
2017/03/16 19:53:57 connection.go:191: [0xaf] [INFO] [zeppelinecore] recv 90
2017/03/16 19:54:02 connection.go:247: [0xb0] [INFO] [zeppelinecore] waiting for request or done io  5 second
2017/03/16 19:54:02 connection.go:191: [0xb1] [INFO] [zeppelinecore] recv 91
2017/03/16 19:54:07 connection.go:247: [0xb2] [INFO] [zeppelinecore] waiting for request or done io  5 second
2017/03/16 19:54:07 connection.go:191: [0xb3] [INFO] [zeppelinecore] recv 92
2017/03/16 19:54:12 connection.go:247: [0xb4] [INFO] [zeppelinecore] waiting for request or done io  5 second
2017/03/16 19:54:12 connection.go:191: [0xb5] [INFO] [zeppelinecore] recv 93
2017/03/16 19:54:17 connection.go:247: [0xb6] [INFO] [zeppelinecore] waiting for request or done io  5 second
2017/03/16 19:54:17 connection.go:191: [0xb7] [INFO] [zeppelinecore] recv 94
2017/03/16 19:54:22 connection.go:247: [0xb8] [INFO] [zeppelinecore] waiting for request or done io  5 second
2017/03/16 19:54:22 connection.go:191: [0xb9] [INFO] [zeppelinecore] recv 95
2017/03/16 19:54:27 connection.go:247: [0xba] [INFO] [zeppelinecore] waiting for request or done io  5 second
2017/03/16 19:54:27 connection.go:191: [0xbb] [INFO] [zeppelinecore] recv 96
2017/03/16 19:54:32 connection.go:247: [0xbc] [INFO] [zeppelinecore] waiting for request or done io  5 second
2017/03/16 19:54:32 connection.go:191: [0xbd] [INFO] [zeppelinecore] recv 97
2017/03/16 19:54:37 connection.go:247: [0xbe] [INFO] [zeppelinecore] waiting for request or done io  5 second
2017/03/16 19:54:37 connection.go:191: [0xbf] [INFO] [zeppelinecore] recv 98
2017/03/16 19:54:42 connection.go:247: [0xc0] [INFO] [zeppelinecore] waiting for request or done io  5 second
2017/03/16 19:54:42 connection.go:191: [0xc1] [INFO] [zeppelinecore] recv 99
2017/03/16 19:54:47 connection.go:247: [0xc2] [INFO] [zeppelinecore] waiting for request or done io  5 second
2017/03/16 19:54:47 connection.go:191: [0xc3] [INFO] [zeppelinecore] recv 100
2017/03/16 19:54:52 connection.go:247: [0xc4] [INFO] [zeppelinecore] waiting for request or done io  5 second
2017/03/16 19:54:52 connection.go:191: [0xc5] [INFO] [zeppelinecore] recv 101
2017/03/16 19:54:57 connection.go:247: [0xc6] [INFO] [zeppelinecore] waiting for request or done io  5 second
2017/03/16 19:54:57 connection.go:191: [0xc7] [INFO] [zeppelinecore] recv 102
2017/03/16 19:55:02 connection.go:247: [0xc8] [INFO] [zeppelinecore] waiting for request or done io  5 second
2017/03/16 19:55:02 connection.go:191: [0xc9] [INFO] [zeppelinecore] recv 103
2017/03/16 19:55:07 connection.go:247: [0xca] [INFO] [zeppelinecore] waiting for request or done io  5 second
2017/03/16 19:55:07 connection.go:191: [0xcb] [INFO] [zeppelinecore] recv 104
2017/03/16 19:55:12 connection.go:247: [0xcc] [INFO] [zeppelinecore] waiting for request or done io  5 second
2017/03/16 19:55:12 connection.go:191: [0xcd] [INFO] [zeppelinecore] recv 105
2017/03/16 19:55:17 connection.go:247: [0xce] [INFO] [zeppelinecore] waiting for request or done io  5 second
2017/03/16 19:55:17 connection.go:191: [0xcf] [INFO] [zeppelinecore] recv 106
2017/03/16 19:55:22 connection.go:247: [0xd0] [INFO] [zeppelinecore] waiting for request or done io  5 second
2017/03/16 19:55:22 connection.go:191: [0xd1] [INFO] [zeppelinecore] recv 107
2017/03/16 19:55:27 connection.go:247: [0xd2] [INFO] [zeppelinecore] waiting for request or done io  5 second
2017/03/16 19:55:27 connection.go:191: [0xd3] [INFO] [zeppelinecore] recv 108
2017/03/16 19:55:32 connection.go:247: [0xd4] [INFO] [zeppelinecore] waiting for request or done io  5 second
2017/03/16 19:55:32 connection.go:191: [0xd5] [INFO] [zeppelinecore] recv 109
2017/03/16 19:55:37 connection.go:247: [0xd6] [INFO] [zeppelinecore] waiting for request or done io  5 second
2017/03/16 19:55:37 connection.go:191: [0xd7] [INFO] [zeppelinecore] recv 110
2017/03/16 19:55:42 connection.go:247: [0xd8] [INFO] [zeppelinecore] waiting for request or done io  5 second
2017/03/16 19:55:42 connection.go:191: [0xd9] [INFO] [zeppelinecore] recv 111
2017/03/16 19:55:47 connection.go:247: [0xda] [INFO] [zeppelinecore] waiting for request or done io  5 second
2017/03/16 19:55:47 connection.go:191: [0xdb] [INFO] [zeppelinecore] recv 112
2017/03/16 19:55:52 connection.go:247: [0xdc] [INFO] [zeppelinecore] waiting for request or done io  5 second
2017/03/16 19:55:52 connection.go:191: [0xdd] [INFO] [zeppelinecore] recv 113
2017/03/16 19:55:57 connection.go:247: [0xde] [INFO] [zeppelinecore] waiting for request or done io  5 second
2017/03/16 19:55:57 connection.go:191: [0xdf] [INFO] [zeppelinecore] recv 114
2017/03/16 19:56:02 connection.go:247: [0xe0] [INFO] [zeppelinecore] waiting for request or done io  5 second
2017/03/16 19:56:02 connection.go:191: [0xe1] [INFO] [zeppelinecore] recv 115
2017/03/16 19:56:07 connection.go:247: [0xe2] [INFO] [zeppelinecore] waiting for request or done io  5 second
2017/03/16 19:56:07 connection.go:191: [0xe3] [INFO] [zeppelinecore] recv 116
2017/03/16 19:56:12 connection.go:247: [0xe4] [INFO] [zeppelinecore] waiting for request or done io  5 second
2017/03/16 19:56:12 connection.go:191: [0xe5] [INFO] [zeppelinecore] recv 117
2017/03/16 19:56:17 connection.go:247: [0xe6] [INFO] [zeppelinecore] waiting for request or done io  5 second
2017/03/16 19:56:17 connection.go:191: [0xe7] [INFO] [zeppelinecore] recv 118
2017/03/16 19:56:22 connection.go:247: [0xe8] [INFO] [zeppelinecore] waiting for request or done io  5 second
2017/03/16 19:56:22 connection.go:191: [0xe9] [INFO] [zeppelinecore] recv 119
2017/03/16 19:56:27 connection.go:247: [0xea] [INFO] [zeppelinecore] waiting for request or done io  5 second
2017/03/16 19:56:27 connection.go:191: [0xeb] [INFO] [zeppelinecore] recv 120
2017/03/16 19:56:32 connection.go:247: [0xec] [INFO] [zeppelinecore] waiting for request or done io  5 second
2017/03/16 19:56:32 connection.go:191: [0xed] [INFO] [zeppelinecore] recv 121
2017/03/16 19:56:37 connection.go:247: [0xee] [INFO] [zeppelinecore] waiting for request or done io  5 second
2017/03/16 19:56:37 connection.go:191: [0xef] [INFO] [zeppelinecore] recv 122
2017/03/16 19:56:42 connection.go:247: [0xf0] [INFO] [zeppelinecore] waiting for request or done io  5 second
2017/03/16 19:56:42 connection.go:191: [0xf1] [INFO] [zeppelinecore] recv 123
2017/03/16 19:56:47 connection.go:247: [0xf2] [INFO] [zeppelinecore] waiting for request or done io  5 second
2017/03/16 19:56:47 connection.go:191: [0xf3] [INFO] [zeppelinecore] recv 124
2017/03/16 19:56:52 connection.go:247: [0xf4] [INFO] [zeppelinecore] waiting for request or done io  5 second
2017/03/16 19:56:52 connection.go:191: [0xf5] [INFO] [zeppelinecore] recv 125
2017/03/16 19:56:57 connection.go:247: [0xf6] [INFO] [zeppelinecore] waiting for request or done io  5 second
2017/03/16 19:56:57 connection.go:191: [0xf7] [INFO] [zeppelinecore] recv 126
2017/03/16 19:57:02 connection.go:247: [0xf8] [INFO] [zeppelinecore] waiting for request or done io  5 second
2017/03/16 19:57:02 connection.go:191: [0xf9] [INFO] [zeppelinecore] recv 127
2017/03/16 19:57:07 connection.go:247: [0xfa] [INFO] [zeppelinecore] waiting for request or done io  5 second
2017/03/16 19:57:07 connection.go:191: [0xfb] [INFO] [zeppelinecore] recv 128
2017/03/16 19:57:12 connection.go:247: [0xfc] [INFO] [zeppelinecore] waiting for request or done io  5 second
2017/03/16 19:57:12 connection.go:191: [0xfd] [INFO] [zeppelinecore] recv 129
2017/03/16 19:57:17 connection.go:247: [0xfe] [INFO] [zeppelinecore] waiting for request or done io  5 second
2017/03/16 19:57:17 connection.go:191: [0xff] [INFO] [zeppelinecore] recv 130
2017/03/16 19:57:22 connection.go:247: [0x100] [INFO] [zeppelinecore] waiting for request or done io  5 second
2017/03/16 19:57:22 connection.go:191: [0x101] [INFO] [zeppelinecore] recv 131
2017/03/16 19:57:27 connection.go:247: [0x102] [INFO] [zeppelinecore] waiting for request or done io  5 second
2017/03/16 19:57:27 connection.go:191: [0x103] [INFO] [zeppelinecore] recv 132
2017/03/16 19:57:32 connection.go:247: [0x104] [INFO] [zeppelinecore] waiting for request or done io  5 second
2017/03/16 19:57:32 connection.go:191: [0x105] [INFO] [zeppelinecore] recv 133
2017/03/16 19:57:37 connection.go:247: [0x106] [INFO] [zeppelinecore] waiting for request or done io  5 second
2017/03/16 19:57:37 connection.go:191: [0x107] [INFO] [zeppelinecore] recv 134
2017/03/16 19:57:42 connection.go:247: [0x108] [INFO] [zeppelinecore] waiting for request or done io  5 second
2017/03/16 19:57:42 connection.go:191: [0x109] [INFO] [zeppelinecore] recv 135
2017/03/16 19:57:47 connection.go:247: [0x10a] [INFO] [zeppelinecore] waiting for request or done io  5 second
2017/03/16 19:57:47 connection.go:191: [0x10b] [INFO] [zeppelinecore] recv 136
2017/03/16 19:57:52 connection.go:247: [0x10c] [INFO] [zeppelinecore] waiting for request or done io  5 second
2017/03/16 19:57:52 connection.go:191: [0x10d] [INFO] [zeppelinecore] recv 137
2017/03/16 19:57:57 connection.go:247: [0x10e] [INFO] [zeppelinecore] waiting for request or done io  5 second
2017/03/16 19:57:57 connection.go:191: [0x10f] [INFO] [zeppelinecore] recv 138
2017/03/16 19:58:02 connection.go:247: [0x110] [INFO] [zeppelinecore] waiting for request or done io  5 second
2017/03/16 19:58:02 connection.go:191: [0x111] [INFO] [zeppelinecore] recv 139
2017/03/16 19:58:07 connection.go:247: [0x112] [INFO] [zeppelinecore] waiting for request or done io  5 second
2017/03/16 19:58:07 connection.go:191: [0x113] [INFO] [zeppelinecore] recv 140
2017/03/16 19:58:12 connection.go:247: [0x114] [INFO] [zeppelinecore] waiting for request or done io  5 second
2017/03/16 19:58:12 connection.go:191: [0x115] [INFO] [zeppelinecore] recv 141
2017/03/16 19:58:17 connection.go:247: [0x116] [INFO] [zeppelinecore] waiting for request or done io  5 second
2017/03/16 19:58:17 connection.go:191: [0x117] [INFO] [zeppelinecore] recv 142
2017/03/16 19:58:22 connection.go:247: [0x118] [INFO] [zeppelinecore] waiting for request or done io  5 second
2017/03/16 19:58:22 connection.go:191: [0x119] [INFO] [zeppelinecore] recv 143
2017/03/16 19:58:27 connection.go:247: [0x11a] [INFO] [zeppelinecore] waiting for request or done io  5 second
2017/03/16 19:58:27 connection.go:191: [0x11b] [INFO] [zeppelinecore] recv 144
2017/03/16 19:58:32 connection.go:247: [0x11c] [INFO] [zeppelinecore] waiting for request or done io  5 second
2017/03/16 19:58:32 connection.go:191: [0x11d] [INFO] [zeppelinecore] recv 145
2017/03/16 19:58:37 connection.go:247: [0x11e] [INFO] [zeppelinecore] waiting for request or done io  5 second
2017/03/16 19:58:37 connection.go:191: [0x11f] [INFO] [zeppelinecore] recv 146
2017/03/16 19:58:42 connection.go:247: [0x120] [INFO] [zeppelinecore] waiting for request or done io  5 second
2017/03/16 19:58:42 connection.go:191: [0x121] [INFO] [zeppelinecore] recv 147
2017/03/16 19:58:47 connection.go:247: [0x122] [INFO] [zeppelinecore] waiting for request or done io  5 second
2017/03/16 19:58:47 connection.go:191: [0x123] [INFO] [zeppelinecore] recv 148
2017/03/16 19:58:52 connection.go:247: [0x124] [INFO] [zeppelinecore] waiting for request or done io  5 second
2017/03/16 19:58:52 connection.go:191: [0x125] [INFO] [zeppelinecore] recv 149
2017/03/16 19:58:57 connection.go:247: [0x126] [INFO] [zeppelinecore] waiting for request or done io  5 second
2017/03/16 19:58:57 connection.go:191: [0x127] [INFO] [zeppelinecore] recv 150
2017/03/16 19:59:02 connection.go:247: [0x128] [INFO] [zeppelinecore] waiting for request or done io  5 second
2017/03/16 19:59:02 connection.go:191: [0x129] [INFO] [zeppelinecore] recv 151
2017/03/16 19:59:07 connection.go:247: [0x12a] [INFO] [zeppelinecore] waiting for request or done io  5 second
2017/03/16 19:59:07 connection.go:191: [0x12b] [INFO] [zeppelinecore] recv 152
2017/03/16 19:59:12 connection.go:247: [0x12c] [INFO] [zeppelinecore] waiting for request or done io  5 second
2017/03/16 19:59:12 connection.go:191: [0x12d] [INFO] [zeppelinecore] recv 153
2017/03/16 19:59:17 connection.go:247: [0x12e] [INFO] [zeppelinecore] waiting for request or done io  5 second
2017/03/16 19:59:17 connection.go:191: [0x12f] [INFO] [zeppelinecore] recv 154
2017/03/16 19:59:22 connection.go:247: [0x130] [INFO] [zeppelinecore] waiting for request or done io  5 second
2017/03/16 19:59:22 connection.go:191: [0x131] [INFO] [zeppelinecore] recv 155
2017/03/16 19:59:27 connection.go:247: [0x132] [INFO] [zeppelinecore] waiting for request or done io  5 second
2017/03/16 19:59:27 connection.go:191: [0x133] [INFO] [zeppelinecore] recv 156
2017/03/16 19:59:32 connection.go:247: [0x134] [INFO] [zeppelinecore] waiting for request or done io  5 second
2017/03/16 19:59:32 connection.go:191: [0x135] [INFO] [zeppelinecore] recv 157
2017/03/17 22:25:14 connection.go:122: [0x1] [INFO] [zeppelinecore] 10.203.11.76:9221
2017/03/17 22:25:14 connection.go:191: [0x2] [INFO] [zeppelinecore] recv 1
2017/03/17 22:25:14 connection.go:191: [0x3] [INFO] [zeppelinecore] recv 2
2017/03/21 15:14:51 connection.go:126: [0x1] [INFO] [zeppelinecore] 10.203.11.75:9221
2017/03/21 15:14:51 connection.go:195: [0x2] [INFO] [zeppelinecore] recv 1
2017/03/21 15:14:51 connection.go:195: [0x3] [INFO] [zeppelinecore] recv 2
2017/03/21 15:15:15 connection.go:126: [0x1] [INFO] [zeppelinecore] 10.203.11.75:9221
2017/03/21 15:15:15 connection.go:195: [0x2] [INFO] [zeppelinecore] recv 1
2017/03/21 15:15:15 connection.go:195: [0x3] [INFO] [zeppelinecore] recv 2
2017/03/21 15:15:41 connection.go:126: [0x1] [INFO] [zeppelinecore] 10.203.11.75:9221
2017/03/21 15:15:41 connection.go:195: [0x2] [INFO] [zeppelinecore] recv 1
2017/03/21 15:15:41 zepcmd.go:149: [0x3] [INFO] [zeppelinecore] listmeta
2017/03/21 15:15:41 connection.go:195: [0x4] [INFO] [zeppelinecore] recv 2
2017/03/21 15:15:56 connection.go:126: [0x1] [INFO] [zeppelinecore] 10.203.11.75:9221
2017/03/21 15:15:56 connection.go:195: [0x2] [INFO] [zeppelinecore] recv 1
2017/03/21 15:15:56 zepcmd.go:149: [0x3] [INFO] [zeppelinecore] listmeta
2017/03/21 15:15:56 connection.go:195: [0x4] [INFO] [zeppelinecore] recv 2
2017/03/21 15:16:15 connection.go:126: [0x1] [INFO] [zeppelinecore] 10.203.11.75:9221
2017/03/21 15:16:15 connection.go:195: [0x2] [INFO] [zeppelinecore] recv 1
2017/03/21 15:16:15 zepcmd.go:149: [0x3] [INFO] [zeppelinecore] listmeta
2017/03/21 15:16:15 connection.go:195: [0x4] [INFO] [zeppelinecore] recv 2
2017/03/21 15:16:20 connection.go:126: [0x1] [INFO] [zeppelinecore] 10.203.11.75:9221
2017/03/21 15:16:20 connection.go:195: [0x2] [INFO] [zeppelinecore] recv 1
2017/03/21 15:16:20 connection.go:195: [0x3] [INFO] [zeppelinecore] recv 2
2017/03/21 15:16:27 connection.go:126: [0x1] [INFO] [zeppelinecore] 10.203.11.75:9221
2017/03/21 15:16:27 connection.go:195: [0x2] [INFO] [zeppelinecore] recv 1
2017/03/21 15:16:27 connection.go:195: [0x3] [INFO] [zeppelinecore] recv 2
2017/03/21 15:17:54 connection.go:126: [0x1] [INFO] [zeppelinecore] 10.203.11.75:9221
2017/03/21 15:17:54 connection.go:195: [0x2] [INFO] [zeppelinecore] recv 1
2017/03/21 15:17:54 connection.go:195: [0x3] [INFO] [zeppelinecore] recv 2
2017/03/21 15:18:02 connection.go:126: [0x1] [INFO] [zeppelinecore] 10.203.11.75:9221
2017/03/21 15:18:02 connection.go:195: [0x2] [INFO] [zeppelinecore] recv 1
2017/03/21 15:18:02 connection.go:195: [0x3] [INFO] [zeppelinecore] recv 2
2017/03/21 15:18:55 connection.go:126: [0x1] [INFO] [zeppelinecore] 10.203.11.75:9221
2017/03/21 15:18:55 connection.go:195: [0x2] [INFO] [zeppelinecore] recv 1
2017/03/21 15:18:56 connection.go:195: [0x3] [INFO] [zeppelinecore] recv 2
2017/03/21 15:19:00 connection.go:126: [0x1] [INFO] [zeppelinecore] 10.203.11.75:9221
2017/03/21 15:19:00 connection.go:195: [0x2] [INFO] [zeppelinecore] recv 1
2017/03/21 15:19:00 connection.go:195: [0x3] [INFO] [zeppelinecore] recv 2
2017/03/21 15:19:02 connection.go:126: [0x1] [INFO] [zeppelinecore] 10.203.11.75:9221
2017/03/21 15:19:02 connection.go:195: [0x2] [INFO] [zeppelinecore] recv 1
2017/03/21 15:19:02 connection.go:195: [0x3] [INFO] [zeppelinecore] recv 2
2017/03/21 15:19:23 connection.go:126: [0x1] [INFO] [zeppelinecore] 10.203.11.75:9221
2017/03/21 15:19:23 connection.go:195: [0x2] [INFO] [zeppelinecore] recv 1
2017/03/21 15:19:23 connection.go:195: [0x3] [INFO] [zeppelinecore] recv 2
2017/03/21 15:19:27 connection.go:126: [0x1] [INFO] [zeppelinecore] 10.203.11.75:9221
2017/03/21 15:19:27 connection.go:195: [0x2] [INFO] [zeppelinecore] recv 1
2017/03/21 15:19:27 connection.go:195: [0x3] [INFO] [zeppelinecore] recv 2
2017/03/21 15:19:45 connection.go:126: [0x1] [INFO] [zeppelinecore] 10.203.11.75:9221
2017/03/21 15:19:45 connection.go:195: [0x2] [INFO] [zeppelinecore] recv 1
2017/03/21 15:19:46 connection.go:195: [0x3] [INFO] [zeppelinecore] recv 2
2017/03/21 15:19:49 connection.go:126: [0x1] [INFO] [zeppelinecore] 10.203.11.75:9221
2017/03/21 15:19:49 connection.go:195: [0x2] [INFO] [zeppelinecore] recv 1
2017/03/21 15:19:49 connection.go:195: [0x3] [INFO] [zeppelinecore] recv 2
2017/03/21 16:06:00 connection.go:126: [0x1] [INFO] [zeppelinecore] 10.203.11.75:9221
2017/03/21 16:06:00 connection.go:195: [0x2] [INFO] [zeppelinecore] recv 1
2017/03/21 16:06:00 connection.go:195: [0x3] [INFO] [zeppelinecore] recv 2
2017/03/21 16:06:54 connection.go:126: [0x1] [INFO] [zeppelinecore] 10.203.11.75:9221
2017/03/21 16:06:54 connection.go:195: [0x2] [INFO] [zeppelinecore] recv 1
2017/03/21 16:06:54 connection.go:195: [0x3] [INFO] [zeppelinecore] recv 2
2017/03/21 16:07:10 connection.go:126: [0x1] [INFO] [zeppelinecore] 10.203.11.75:9221
2017/03/21 16:07:10 connection.go:195: [0x2] [INFO] [zeppelinecore] recv 1
2017/03/21 16:07:10 connection.go:195: [0x3] [INFO] [zeppelinecore] recv 2
2017/03/21 16:07:31 connection.go:126: [0x1] [INFO] [zeppelinecore] 10.203.11.75:9221
2017/03/21 16:07:31 connection.go:195: [0x2] [INFO] [zeppelinecore] recv 1
2017/03/21 16:07:31 connection.go:195: [0x3] [INFO] [zeppelinecore] recv 2
2017/03/21 16:07:44 connection.go:126: [0x1] [INFO] [zeppelinecore] 10.203.11.75:9221
2017/03/21 16:07:44 connection.go:195: [0x2] [INFO] [zeppelinecore] recv 1
2017/03/21 16:07:44 connection.go:195: [0x3] [INFO] [zeppelinecore] recv 2
2017/03/21 16:08:13 connection.go:126: [0x1] [INFO] [zeppelinecore] 10.203.11.75:9221
2017/03/21 16:08:13 connection.go:195: [0x2] [INFO] [zeppelinecore] recv 1
2017/03/21 16:08:13 connection.go:195: [0x3] [INFO] [zeppelinecore] recv 2
2017/03/21 18:01:38 connection.go:126: [0x1] [INFO] [zeppelinecore] 10.203.11.75:9221
2017/03/21 18:01:38 connection.go:195: [0x2] [INFO] [zeppelinecore] recv 1
2017/03/21 18:01:38 connection.go:195: [0x3] [INFO] [zeppelinecore] recv 2
2017/03/21 18:02:02 connection.go:126: [0x1] [INFO] [zeppelinecore] 10.203.11.75:9221
2017/03/21 18:02:02 connection.go:195: [0x2] [INFO] [zeppelinecore] recv 1
2017/03/21 18:02:02 connection.go:195: [0x3] [INFO] [zeppelinecore] recv 2
2017/03/21 18:04:55 connection.go:126: [0x1] [INFO] [zeppelinecore] 10.203.11.75:9221
2017/03/21 18:04:55 connection.go:195: [0x2] [INFO] [zeppelinecore] recv 1
2017/03/21 18:04:55 connection.go:195: [0x3] [INFO] [zeppelinecore] recv 2
2017/03/21 18:06:02 connection.go:126: [0x1] [INFO] [zeppelinecore] 10.203.11.75:9221
2017/03/21 18:06:02 connection.go:195: [0x2] [INFO] [zeppelinecore] recv 1
2017/03/21 18:06:03 connection.go:195: [0x3] [INFO] [zeppelinecore] recv 2
2017/03/21 18:13:20 connection.go:126: [0x1] [INFO] [zeppelinecore] 10.203.11.75:9221
2017/03/21 18:13:20 connection.go:195: [0x2] [INFO] [zeppelinecore] recv 1
2017/03/21 18:13:21 connection.go:195: [0x3] [INFO] [zeppelinecore] recv 2
2017/03/21 18:13:45 connection.go:126: [0x1] [INFO] [zeppelinecore] 10.203.11.75:9221
2017/03/21 18:13:45 connection.go:195: [0x2] [INFO] [zeppelinecore] recv 1
2017/03/21 18:13:45 connection.go:195: [0x3] [INFO] [zeppelinecore] recv 2
2017/03/21 18:31:25 connection.go:126: [0x1] [INFO] [zeppelinecore] 10.203.11.75:9221
2017/03/21 18:31:25 connection.go:195: [0x2] [INFO] [zeppelinecore] recv 1
2017/03/21 18:31:25 connection.go:195: [0x3] [INFO] [zeppelinecore] recv 2
2017/03/21 18:31:47 connection.go:126: [0x1] [INFO] [zeppelinecore] 10.203.11.75:9221
2017/03/21 18:31:47 connection.go:195: [0x2] [INFO] [zeppelinecore] recv 1
2017/03/21 18:31:47 connection.go:195: [0x3] [INFO] [zeppelinecore] recv 2
2017/03/21 18:38:32 connection.go:126: [0x1] [INFO] [zeppelinecore] 10.203.11.75:9221
2017/03/21 18:38:32 connection.go:195: [0x2] [INFO] [zeppelinecore] recv 1
2017/03/21 18:38:32 connection.go:195: [0x3] [INFO] [zeppelinecore] recv 2
2017/03/21 18:39:32 connection.go:126: [0x1] [INFO] [zeppelinecore] 10.203.11.75:9221
2017/03/21 18:39:32 connection.go:195: [0x2] [INFO] [zeppelinecore] recv 1
2017/03/21 18:39:32 connection.go:195: [0x3] [INFO] [zeppelinecore] recv 2
2017/03/21 18:47:53 connection.go:126: [0x1] [INFO] [zeppelinecore] 10.203.11.75:9221
2017/03/21 18:47:53 connection.go:195: [0x2] [INFO] [zeppelinecore] recv 1
2017/03/21 18:47:53 connection.go:195: [0x3] [INFO] [zeppelinecore] recv 2
